Arguments: 
  /usr/local/Cellar/node/10.11.0/bin/node /usr/local/Cellar/yarn/1.10.1/libexec/bin/yarn.js --varsion

PATH: 
  /usr/local/mysql/bin:/Users/benjito/.rvm/gems/ruby-1.9.3-p551/bin:/Users/benjito/.rvm/gems/ruby-1.9.3-p551@global/bin:/Users/benjito/.rvm/rubies/ruby-1.9.3-p551/bin:/opt/local/bin:/opt/local/sbin:/opt/local/bin:/opt/local/sbin:/usr/local/mysql/bin:/usr/local/bin:/usr/bin:/bin:/usr/sbin:/sbin:/opt/X11/bin:/Users/benjito/.rvm/bin:/Users/benjito/.rvm/bin:/Applications/Visual Studio Code.app/Contents/Resources/app/bin

Yarn version: 
  1.10.1

Node version: 
  10.11.0

Platform: 
  darwin x64

Trace: 
  SyntaxError: /Users/benjito/code/strain-db/package.json: Unexpected string in JSON at position 200
      at JSON.parse (<anonymous>)
      at /usr/local/Cellar/yarn/1.10.1/libexec/lib/cli.js:1136:59
      at Generator.next (<anonymous>)
      at step (/usr/local/Cellar/yarn/1.10.1/libexec/lib/cli.js:98:30)
      at /usr/local/Cellar/yarn/1.10.1/libexec/lib/cli.js:109:13

npm manifest: 
  {
    "name": "cotd",
    "version": "0.0.3",
    "private": true,
    
    "name": "Stain-DB",
    "description": "Strain-DB. A Joint Effect!!!",
    "version": "1.0.0",
    "engines": {
      "yarn": "8.9.4"
    }
    }
  "devDependencies": {
      "concurrently": "3.5.1",
      "react-scripts": "^1.1.4"
    },
    "dependencies": {
      "autoprefixer-stylus": "0.14.0",
      "firebase": "^4.10.1",
      "prop-types": "^15.6.0",
      "re-base": "3.2.2",
      "react": "^16.3.0-alpha.1",
      "react-dom": "^16.3.0-alpha.1",
      "react-router-dom": "^4.2.2",
      "react-transition-group": "^2.2.1",
      "serve": "^6.5.8",
      "stylus": "0.54.5"
    },
    "scripts": {
      "start": "react-scripts start",
      "watch": "concurrently --names \"webpack, stylus\" --prefix name \"npm run start\" \"npm run styles:watch\"",
      "build": "react-scripts build",
      "eject": "react-scripts eject",
      "styles": "stylus -u autoprefixer-stylus ./src/css/style.styl -o ./src/css/style.css",
      "styles:watch": "stylus -u autoprefixer-stylus -w ./src/css/style.styl -o ./src/css/style.css",
      "heroku-prebuild": "cd src && yarn install",
      "heroku-postbuild": "node scripts/build.js"
    }
  }

yarn manifest: 
  No manifest

Lockfile: 
  No lockfile
